<?xml version="1.0" encoding="UTF-8"?>
<!-- Generated by org.testng.reporters.JUnitReportReporter -->
<testsuite hostname="DESKTOP-P4C80AA" name="runner.TestRunner" tests="1" failures="0" timestamp="22 Mar 2021 14:47:23 GMT" time="282.397" errors="0">
  <testcase name="feature" time="282.397" classname="runner.TestRunner"/>
</testsuite> <!-- runner.TestRunner -->
