<?xml version="1.0" encoding="UTF-8"?>
<!-- Generated by org.testng.reporters.JUnitReportReporter -->
<testsuite hostname="DESKTOP-P4C80AA" failures="0" tests="1" name="runner.TestRunner" time="268.668" errors="0" timestamp="23 Mar 2021 09:38:40 GMT">
  <testcase classname="runner.TestRunner" name="feature" time="268.668"/>
</testsuite> <!-- runner.TestRunner -->
